=== RUN   TestSuite/CartTest
=== RUN   TestSuite/CartTest/Tests
=== RUN   TestSuite/CartTest/Tests/TestFullCartFlow
db_client.go:111: Cleanup for test TestFullCartFlow finished in 1.878988ms
db_client.go:147: Failed to prepare DB for test TestFullCartFlow, attempt 1: testfixtures: could not clean table "cart_item": ERROR: relation "cart_item" does not exist (SQLSTATE 42P01)
db_client.go:147: Failed to prepare DB for test TestFullCartFlow, attempt 2: testfixtures: could not clean table "cart_item": ERROR: relation "cart_item" does not exist (SQLSTATE 42P01)
db_client.go:147: Failed to prepare DB for test TestFullCartFlow, attempt 3: testfixtures: could not clean table "cart_item": ERROR: relation "cart_item" does not exist (SQLSTATE 42P01)
controller.go:37: 
    	Error Trace:	/home/runner/work/ppo/ppo/tests/controller/controller.go:37
    	            				/home/runner/work/ppo/ppo/tests/integration/usecase/cart_test.go:39
    	            				/home/runner/go/pkg/mod/github.com/ozontech/allure-go/pkg/framework@v0.7.4/core/common/steps.go:27
    	            				/home/runner/work/ppo/ppo/tests/integration/usecase/cart_test.go:37
    	            				/home/runner/go/pkg/mod/github.com/ozontech/allure-go/pkg/framework@v0.7.4/runner/tests.go:163
    	            				/home/runner/go/pkg/mod/github.com/ozontech/allure-go/pkg/framework@v0.7.4/runner/runner.go:224
    	Error:      	Received unexpected error:
    	            	failed to prepare db: testfixtures: could not clean table "cart_item": ERROR: relation "cart_item" does not exist (SQLSTATE 42P01)
    	Test:       	TestFullCartFlow
    	Messages:   	db preparation failed
--- FAIL: TestSuite/CartTest (0.61s)
    --- FAIL: TestSuite/CartTest/Tests (0.61s)
        --- FAIL: TestSuite/CartTest/Tests/TestFullCartFlow (0.61s)
