=== RUN   TestSuite
=== RUN   TestSuite/CreateOrderFlow
=== RUN   TestSuite/CreateOrderFlow/Tests
=== RUN   TestSuite/CreateOrderFlow/Tests/TestOrderCreationFlow
    db_client.go:111: Cleanup for test TestOrderCreationFlow finished in 20.120583ms
    db_client.go:156: DB preparation for test TestOrderCreationFlow finished in 40.944167ms
    assertions.go:387: 
        	Error Trace:	/Users/iakovalev/go/pkg/mod/github.com/ozontech/allure-go/pkg/framework@v0.7.4/asserts_wrapper/wrapper/wrapper.go:205
        	            				/Users/iakovalev/go/pkg/mod/github.com/ozontech/allure-go/pkg/framework@v0.7.4/asserts_wrapper/wrapper/helper.go:27
        	            				/Users/iakovalev/go/pkg/mod/github.com/ozontech/allure-go/pkg/framework@v0.7.4/asserts_wrapper/wrapper/wrapper.go:201
        	            				/Users/iakovalev/go/pkg/mod/github.com/ozontech/allure-go/pkg/framework@v0.7.4/asserts_wrapper/helper/helper.go:65
        	            				/Users/iakovalev/Desktop/temp/ppo/tests/e2e/scenario/create_order_flow_test.go:40
        	            				/Users/iakovalev/go/pkg/mod/github.com/ozontech/allure-go/pkg/framework@v0.7.4/core/common/steps.go:27
        	            				/Users/iakovalev/Desktop/temp/ppo/tests/e2e/scenario/create_order_flow_test.go:29
        	            				/usr/local/go/src/reflect/value.go:581
        	            				/usr/local/go/src/reflect/value.go:365
        	            				/Users/iakovalev/go/pkg/mod/github.com/ozontech/allure-go/pkg/framework@v0.7.4/runner/tests.go:163
        	            				/Users/iakovalev/go/pkg/mod/github.com/ozontech/allure-go/pkg/framework@v0.7.4/runner/runner.go:224
        	Error:      	Received unexpected error:
        	            	Post "http://localhost:8080/api/1/auth": dial tcp [::1]:8080: connect: connection refused
        	Test:       	TestOrderCreationFlow
    errors_handling.go:30: test panicked: runtime error: invalid memory address or nil pointer dereference
        goroutine 39 [running]:
        runtime/debug.Stack()
        	/usr/local/go/src/runtime/debug/stack.go:26 +0x64
        github.com/ozontech/allure-go/pkg/framework/core/common.(*Common).WithNewStep.func1()
        	/Users/iakovalev/go/pkg/mod/github.com/ozontech/allure-go/pkg/framework@v0.7.4/core/common/steps.go:22 +0xac
        panic({0x1036d0300?, 0x103d6b840?})
        	/usr/local/go/src/runtime/panic.go:783 +0x120
        github.com/b0pof/ppo/tests/e2e/scenario.(*CreateOrderFlow).TestOrderCreationFlow.func1({0x104043538, 0x1400028a5b0})
        	/Users/iakovalev/Desktop/temp/ppo/tests/e2e/scenario/create_order_flow_test.go:41 +0x178
        github.com/ozontech/allure-go/pkg/framework/core/common.(*Common).WithNewStep(0x140001ae3f0, {0x103512d12?, 0x15?}, 0x1037ce750, {0x0?, 0x0?, 0x0?})
        	/Users/iakovalev/go/pkg/mod/github.com/ozontech/allure-go/pkg/framework@v0.7.4/core/common/steps.go:27 +0x128
        github.com/b0pof/ppo/tests/e2e/scenario.(*CreateOrderFlow).TestOrderCreationFlow(0x140001396e8?, {0x1037efe60, 0x140001ae3f0})
        	/Users/iakovalev/Desktop/temp/ppo/tests/e2e/scenario/create_order_flow_test.go:29 +0x60
        reflect.Value.call({0x14000148cd0?, 0x140001142d8?, 0x1400011cd68?}, {0x10350848c, 0x4}, {0x140001b9260, 0x2, 0x103d026e0?})
        	/usr/local/go/src/reflect/value.go:581 +0x960
        reflect.Value.Call({0x14000148cd0?, 0x140001142d8?, 0x10?}, {0x140001b9260?, 0x1037c81e0?, 0x140001b9230?})
        	/usr/local/go/src/reflect/value.go:365 +0x94
        github.com/ozontech/allure-go/pkg/framework/runner.(*testMethod).GetBody.func1({0x1037efe60?, 0x140001ae3f0?})
        	/Users/iakovalev/go/pkg/mod/github.com/ozontech/allure-go/pkg/framework@v0.7.4/runner/tests.go:163 +0x200
        github.com/ozontech/allure-go/pkg/framework/runner.(*runner).RunTests.func1.2.1(0x14000103500)
        	/Users/iakovalev/go/pkg/mod/github.com/ozontech/allure-go/pkg/framework@v0.7.4/runner/runner.go:224 +0x2c0
        testing.tRunner(0x14000103500, 0x14000148e10)
        	/usr/local/go/src/testing/testing.go:1934 +0xc8
        created by testing.(*T).Run in goroutine 38
        	/usr/local/go/src/testing/testing.go:1997 +0x364
--- FAIL: TestSuite (0.09s)
    --- FAIL: TestSuite/CreateOrderFlow (0.08s)
        --- FAIL: TestSuite/CreateOrderFlow/Tests (0.08s)
            --- FAIL: TestSuite/CreateOrderFlow/Tests/TestOrderCreationFlow (0.08s)
