=== RUN   TestSuite/CreateOrderFlow
=== RUN   TestSuite/CreateOrderFlow/Tests
=== RUN   TestSuite/CreateOrderFlow/Tests/TestOrderCreationFlow
db_client.go:111: Cleanup for test TestOrderCreationFlow finished in 16.96375ms
db_client.go:156: DB preparation for test TestOrderCreationFlow finished in 40.186667ms
assertions.go:387: 
    	Error Trace:	/Users/iakovalev/go/pkg/mod/github.com/ozontech/allure-go/pkg/framework@v0.7.4/asserts_wrapper/wrapper/wrapper.go:121
    	            				/Users/iakovalev/go/pkg/mod/github.com/ozontech/allure-go/pkg/framework@v0.7.4/asserts_wrapper/wrapper/helper.go:27
    	            				/Users/iakovalev/go/pkg/mod/github.com/ozontech/allure-go/pkg/framework@v0.7.4/asserts_wrapper/wrapper/wrapper.go:117
    	            				/Users/iakovalev/go/pkg/mod/github.com/ozontech/allure-go/pkg/framework@v0.7.4/asserts_wrapper/helper/helper.go:40
    	            				/Users/iakovalev/Desktop/temp/ppo/tests/e2e/scenario/create_order_flow_test.go:40
    	            				/Users/iakovalev/go/pkg/mod/github.com/ozontech/allure-go/pkg/framework@v0.7.4/core/common/steps.go:27
    	            				/Users/iakovalev/Desktop/temp/ppo/tests/e2e/scenario/create_order_flow_test.go:28
    	            				/usr/local/go/src/reflect/value.go:581
    	            				/usr/local/go/src/reflect/value.go:365
    	            				/Users/iakovalev/go/pkg/mod/github.com/ozontech/allure-go/pkg/framework@v0.7.4/runner/tests.go:163
    	            				/Users/iakovalev/go/pkg/mod/github.com/ozontech/allure-go/pkg/framework@v0.7.4/runner/runner.go:224
    	Error:      	Not equal: 
    	            	expected: 200
    	            	actual  : 500
    	Test:       	TestOrderCreationFlow
RESP: &{500 Internal Server Error 500 HTTP/1.1 1 1 map[Content-Length:[140] Content-Type:[text/plain; charset=utf-8] Date:[Fri, 07 Nov 2025 18:12:33 GMT] Vary:[Origin]] 0x1400044e0c0 140 [] false false map[] 0x14000333900 <nil>}
assertions.go:387: 
    	Error Trace:	/Users/iakovalev/go/pkg/mod/github.com/ozontech/allure-go/pkg/framework@v0.7.4/asserts_wrapper/wrapper/wrapper.go:495
    	            				/Users/iakovalev/go/pkg/mod/github.com/ozontech/allure-go/pkg/framework@v0.7.4/asserts_wrapper/wrapper/helper.go:27
    	            				/Users/iakovalev/go/pkg/mod/github.com/ozontech/allure-go/pkg/framework@v0.7.4/asserts_wrapper/wrapper/wrapper.go:491
    	            				/Users/iakovalev/go/pkg/mod/github.com/ozontech/allure-go/pkg/framework@v0.7.4/asserts_wrapper/helper/helper.go:140
    	            				/Users/iakovalev/Desktop/temp/ppo/tests/e2e/scenario/create_order_flow_test.go:46
    	            				/Users/iakovalev/go/pkg/mod/github.com/ozontech/allure-go/pkg/framework@v0.7.4/core/common/steps.go:27
    	            				/Users/iakovalev/Desktop/temp/ppo/tests/e2e/scenario/create_order_flow_test.go:28
    	            				/usr/local/go/src/reflect/value.go:581
    	            				/usr/local/go/src/reflect/value.go:365
    	            				/Users/iakovalev/go/pkg/mod/github.com/ozontech/allure-go/pkg/framework@v0.7.4/runner/tests.go:163
    	            				/Users/iakovalev/go/pkg/mod/github.com/ozontech/allure-go/pkg/framework@v0.7.4/runner/runner.go:224
    	Error:      	Should NOT be empty, but was 
    	Test:       	TestOrderCreationFlow
assertions.go:387: 
    	Error Trace:	/Users/iakovalev/go/pkg/mod/github.com/ozontech/allure-go/pkg/framework@v0.7.4/asserts_wrapper/wrapper/wrapper.go:121
    	            				/Users/iakovalev/go/pkg/mod/github.com/ozontech/allure-go/pkg/framework@v0.7.4/asserts_wrapper/wrapper/helper.go:27
    	            				/Users/iakovalev/go/pkg/mod/github.com/ozontech/allure-go/pkg/framework@v0.7.4/asserts_wrapper/wrapper/wrapper.go:117
    	            				/Users/iakovalev/go/pkg/mod/github.com/ozontech/allure-go/pkg/framework@v0.7.4/asserts_wrapper/helper/helper.go:40
    	            				/Users/iakovalev/Desktop/temp/ppo/tests/e2e/scenario/create_order_flow_test.go:47
    	            				/Users/iakovalev/go/pkg/mod/github.com/ozontech/allure-go/pkg/framework@v0.7.4/core/common/steps.go:27
    	            				/Users/iakovalev/Desktop/temp/ppo/tests/e2e/scenario/create_order_flow_test.go:28
    	            				/usr/local/go/src/reflect/value.go:581
    	            				/usr/local/go/src/reflect/value.go:365
    	            				/Users/iakovalev/go/pkg/mod/github.com/ozontech/allure-go/pkg/framework@v0.7.4/runner/tests.go:163
    	            				/Users/iakovalev/go/pkg/mod/github.com/ozontech/allure-go/pkg/framework@v0.7.4/runner/runner.go:224
    	Error:      	Not equal: 
    	            	expected: 1
    	            	actual  : 0
    	Test:       	TestOrderCreationFlow
assertions.go:387: 
    	Error Trace:	/Users/iakovalev/go/pkg/mod/github.com/ozontech/allure-go/pkg/framework@v0.7.4/asserts_wrapper/wrapper/wrapper.go:121
    	            				/Users/iakovalev/go/pkg/mod/github.com/ozontech/allure-go/pkg/framework@v0.7.4/asserts_wrapper/wrapper/helper.go:27
    	            				/Users/iakovalev/go/pkg/mod/github.com/ozontech/allure-go/pkg/framework@v0.7.4/asserts_wrapper/wrapper/wrapper.go:117
    	            				/Users/iakovalev/go/pkg/mod/github.com/ozontech/allure-go/pkg/framework@v0.7.4/asserts_wrapper/helper/helper.go:40
    	            				/Users/iakovalev/Desktop/temp/ppo/tests/e2e/scenario/create_order_flow_test.go:54
    	            				/Users/iakovalev/go/pkg/mod/github.com/ozontech/allure-go/pkg/framework@v0.7.4/core/common/steps.go:27
    	            				/Users/iakovalev/Desktop/temp/ppo/tests/e2e/scenario/create_order_flow_test.go:28
    	            				/usr/local/go/src/reflect/value.go:581
    	            				/usr/local/go/src/reflect/value.go:365
    	            				/Users/iakovalev/go/pkg/mod/github.com/ozontech/allure-go/pkg/framework@v0.7.4/runner/tests.go:163
    	            				/Users/iakovalev/go/pkg/mod/github.com/ozontech/allure-go/pkg/framework@v0.7.4/runner/runner.go:224
    	Error:      	Not equal: 
    	            	expected: 200
    	            	actual  : 500
    	Test:       	TestOrderCreationFlow
assertions.go:387: 
    	Error Trace:	/Users/iakovalev/go/pkg/mod/github.com/ozontech/allure-go/pkg/framework@v0.7.4/asserts_wrapper/wrapper/wrapper.go:121
    	            				/Users/iakovalev/go/pkg/mod/github.com/ozontech/allure-go/pkg/framework@v0.7.4/asserts_wrapper/wrapper/helper.go:27
    	            				/Users/iakovalev/go/pkg/mod/github.com/ozontech/allure-go/pkg/framework@v0.7.4/asserts_wrapper/wrapper/wrapper.go:117
    	            				/Users/iakovalev/go/pkg/mod/github.com/ozontech/allure-go/pkg/framework@v0.7.4/asserts_wrapper/helper/helper.go:40
    	            				/Users/iakovalev/Desktop/temp/ppo/tests/e2e/scenario/create_order_flow_test.go:59
    	            				/Users/iakovalev/go/pkg/mod/github.com/ozontech/allure-go/pkg/framework@v0.7.4/core/common/steps.go:27
    	            				/Users/iakovalev/Desktop/temp/ppo/tests/e2e/scenario/create_order_flow_test.go:28
    	            				/usr/local/go/src/reflect/value.go:581
    	            				/usr/local/go/src/reflect/value.go:365
    	            				/Users/iakovalev/go/pkg/mod/github.com/ozontech/allure-go/pkg/framework@v0.7.4/runner/tests.go:163
    	            				/Users/iakovalev/go/pkg/mod/github.com/ozontech/allure-go/pkg/framework@v0.7.4/runner/runner.go:224
    	Error:      	Not equal: 
    	            	expected: 200
    	            	actual  : 500
    	Test:       	TestOrderCreationFlow
assertions.go:387: 
    	Error Trace:	/Users/iakovalev/go/pkg/mod/github.com/ozontech/allure-go/pkg/framework@v0.7.4/asserts_wrapper/wrapper/wrapper.go:410
    	            				/Users/iakovalev/go/pkg/mod/github.com/ozontech/allure-go/pkg/framework@v0.7.4/asserts_wrapper/wrapper/helper.go:27
    	            				/Users/iakovalev/go/pkg/mod/github.com/ozontech/allure-go/pkg/framework@v0.7.4/asserts_wrapper/wrapper/wrapper.go:406
    	            				/Users/iakovalev/go/pkg/mod/github.com/ozontech/allure-go/pkg/framework@v0.7.4/asserts_wrapper/helper/helper.go:115
    	            				/Users/iakovalev/Desktop/temp/ppo/tests/e2e/scenario/create_order_flow_test.go:64
    	            				/Users/iakovalev/go/pkg/mod/github.com/ozontech/allure-go/pkg/framework@v0.7.4/core/common/steps.go:27
    	            				/Users/iakovalev/Desktop/temp/ppo/tests/e2e/scenario/create_order_flow_test.go:28
    	Error:      	"0" is not greater than or equal to "1"
    	Test:       	TestOrderCreationFlow
assertions.go:387: 
    	Error Trace:	/Users/iakovalev/go/pkg/mod/github.com/ozontech/allure-go/pkg/framework@v0.7.4/asserts_wrapper/wrapper/wrapper.go:495
    	            				/Users/iakovalev/go/pkg/mod/github.com/ozontech/allure-go/pkg/framework@v0.7.4/asserts_wrapper/wrapper/helper.go:27
    	            				/Users/iakovalev/go/pkg/mod/github.com/ozontech/allure-go/pkg/framework@v0.7.4/asserts_wrapper/wrapper/wrapper.go:491
    	            				/Users/iakovalev/go/pkg/mod/github.com/ozontech/allure-go/pkg/framework@v0.7.4/asserts_wrapper/helper/helper.go:140
    	            				/Users/iakovalev/Desktop/temp/ppo/tests/e2e/scenario/create_order_flow_test.go:65
    	            				/Users/iakovalev/go/pkg/mod/github.com/ozontech/allure-go/pkg/framework@v0.7.4/core/common/steps.go:27
    	            				/Users/iakovalev/Desktop/temp/ppo/tests/e2e/scenario/create_order_flow_test.go:28
    	            				/usr/local/go/src/reflect/value.go:581
    	            				/usr/local/go/src/reflect/value.go:365
    	            				/Users/iakovalev/go/pkg/mod/github.com/ozontech/allure-go/pkg/framework@v0.7.4/runner/tests.go:163
    	            				/Users/iakovalev/go/pkg/mod/github.com/ozontech/allure-go/pkg/framework@v0.7.4/runner/runner.go:224
    	Error:      	Should NOT be empty, but was []
    	Test:       	TestOrderCreationFlow
errors_handling.go:30: test panicked: runtime error: index out of range [0] with length 0
    goroutine 39 [running]:
    runtime/debug.Stack()
    	/usr/local/go/src/runtime/debug/stack.go:26 +0x64
    github.com/ozontech/allure-go/pkg/framework/core/common.(*Common).WithNewStep.func1()
    	/Users/iakovalev/go/pkg/mod/github.com/ozontech/allure-go/pkg/framework@v0.7.4/core/common/steps.go:22 +0xac
    panic({0x1011b7900?, 0x14000312180?})
    	/usr/local/go/src/runtime/panic.go:783 +0x120
    github.com/b0pof/ppo/tests/e2e/scenario.(*CreateOrderFlow).TestOrderCreationFlow.func1({0x108672278, 0x14000342460})
    	/Users/iakovalev/Desktop/temp/ppo/tests/e2e/scenario/create_order_flow_test.go:66 +0x1180
    github.com/ozontech/allure-go/pkg/framework/core/common.(*Common).WithNewStep(0x140001ae3f0, {0x100f52d12?, 0x15?}, 0x10120e750, {0x0?, 0x0?, 0x0?})
    	/Users/iakovalev/go/pkg/mod/github.com/ozontech/allure-go/pkg/framework@v0.7.4/core/common/steps.go:27 +0x128
    github.com/b0pof/ppo/tests/e2e/scenario.(*CreateOrderFlow).TestOrderCreationFlow(0x140001396e8?, {0x10122fe60, 0x140001ae3f0})
    	/Users/iakovalev/Desktop/temp/ppo/tests/e2e/scenario/create_order_flow_test.go:28 +0x60
    reflect.Value.call({0x14000148d20?, 0x140001142d8?, 0x1400011cd68?}, {0x100f4848c, 0x4}, {0x140001b9290, 0x2, 0x1017426e0?})
    	/usr/local/go/src/reflect/value.go:581 +0x960
    reflect.Value.Call({0x14000148d20?, 0x140001142d8?, 0x10?}, {0x140001b9290?, 0x1012081e0?, 0x140001b9260?})
    	/usr/local/go/src/reflect/value.go:365 +0x94
    github.com/ozontech/allure-go/pkg/framework/runner.(*testMethod).GetBody.func1({0x10122fe60?, 0x140001ae3f0?})
    	/Users/iakovalev/go/pkg/mod/github.com/ozontech/allure-go/pkg/framework@v0.7.4/runner/tests.go:163 +0x200
    github.com/ozontech/allure-go/pkg/framework/runner.(*runner).RunTests.func1.2.1(0x14000103500)
    	/Users/iakovalev/go/pkg/mod/github.com/ozontech/allure-go/pkg/framework@v0.7.4/runner/runner.go:224 +0x2c0
    testing.tRunner(0x14000103500, 0x14000148e60)
    	/usr/local/go/src/testing/testing.go:1934 +0xc8
    created by testing.(*T).Run in goroutine 38
    	/usr/local/go/src/testing/testing.go:1997 +0x364
--- FAIL: TestSuite/CreateOrderFlow (0.10s)
    --- FAIL: TestSuite/CreateOrderFlow/Tests (0.10s)
        --- FAIL: TestSuite/CreateOrderFlow/Tests/TestOrderCreationFlow (0.10s)
