=== RUN   TestSuite
=== RUN   TestSuite/ItemFlow
=== RUN   TestSuite/ItemFlow/Tests
=== RUN   TestSuite/ItemFlow/Tests/TestFullItemFlow
    db_client.go:111: Cleanup for test TestFullItemFlow finished in 46.902792ms
    db_client.go:156: DB preparation for test TestFullItemFlow finished in 147.679583ms
    assertions.go:387: 
        	Error Trace:	/Users/iakovalev/go/pkg/mod/github.com/ozontech/allure-go/pkg/framework@v0.7.4/asserts_wrapper/wrapper/wrapper.go:205
        	            				/Users/iakovalev/go/pkg/mod/github.com/ozontech/allure-go/pkg/framework@v0.7.4/asserts_wrapper/wrapper/helper.go:27
        	            				/Users/iakovalev/go/pkg/mod/github.com/ozontech/allure-go/pkg/framework@v0.7.4/asserts_wrapper/wrapper/wrapper.go:201
        	            				/Users/iakovalev/go/pkg/mod/github.com/ozontech/allure-go/pkg/framework@v0.7.4/asserts_wrapper/helper/helper.go:65
        	            				/Users/iakovalev/Desktop/temp/ppo/tests/integration/usecase/item_test.go:100
        	            				/Users/iakovalev/go/pkg/mod/github.com/ozontech/allure-go/pkg/framework@v0.7.4/core/common/steps.go:27
        	            				/Users/iakovalev/Desktop/temp/ppo/tests/integration/usecase/item_test.go:36
        	            				/usr/local/go/src/reflect/value.go:581
        	            				/usr/local/go/src/reflect/value.go:365
        	            				/Users/iakovalev/go/pkg/mod/github.com/ozontech/allure-go/pkg/framework@v0.7.4/runner/tests.go:163
        	            				/Users/iakovalev/go/pkg/mod/github.com/ozontech/allure-go/pkg/framework@v0.7.4/runner/runner.go:224
        	Error:      	Received unexpected error:
        	            	item usecase: failed to get item: not found
        	Test:       	TestFullItemFlow
    assertions.go:387: 
        	Error Trace:	/Users/iakovalev/go/pkg/mod/github.com/ozontech/allure-go/pkg/framework@v0.7.4/asserts_wrapper/wrapper/wrapper.go:121
        	            				/Users/iakovalev/go/pkg/mod/github.com/ozontech/allure-go/pkg/framework@v0.7.4/asserts_wrapper/wrapper/helper.go:27
        	            				/Users/iakovalev/go/pkg/mod/github.com/ozontech/allure-go/pkg/framework@v0.7.4/asserts_wrapper/wrapper/wrapper.go:117
        	            				/Users/iakovalev/go/pkg/mod/github.com/ozontech/allure-go/pkg/framework@v0.7.4/asserts_wrapper/helper/helper.go:40
        	            				/Users/iakovalev/Desktop/temp/ppo/tests/integration/usecase/item_test.go:101
        	            				/Users/iakovalev/go/pkg/mod/github.com/ozontech/allure-go/pkg/framework@v0.7.4/core/common/steps.go:27
        	            				/Users/iakovalev/Desktop/temp/ppo/tests/integration/usecase/item_test.go:36
        	            				/usr/local/go/src/reflect/value.go:581
        	            				/usr/local/go/src/reflect/value.go:365
        	            				/Users/iakovalev/go/pkg/mod/github.com/ozontech/allure-go/pkg/framework@v0.7.4/runner/tests.go:163
        	            				/Users/iakovalev/go/pkg/mod/github.com/ozontech/allure-go/pkg/framework@v0.7.4/runner/runner.go:224
        	Error:      	Not equal: 
        	            	expected: "Toy Horse Deluxe"
        	            	actual  : ""
        	            	
        	            	Diff:
        	            	--- Expected
        	            	+++ Actual
        	            	@@ -1 +1 @@
        	            	-Toy Horse Deluxe
        	            	+
        	Test:       	TestFullItemFlow
    assertions.go:387: 
        	Error Trace:	/Users/iakovalev/go/pkg/mod/github.com/ozontech/allure-go/pkg/framework@v0.7.4/asserts_wrapper/wrapper/wrapper.go:121
        	            				/Users/iakovalev/go/pkg/mod/github.com/ozontech/allure-go/pkg/framework@v0.7.4/asserts_wrapper/wrapper/helper.go:27
        	            				/Users/iakovalev/go/pkg/mod/github.com/ozontech/allure-go/pkg/framework@v0.7.4/asserts_wrapper/wrapper/wrapper.go:117
        	            				/Users/iakovalev/go/pkg/mod/github.com/ozontech/allure-go/pkg/framework@v0.7.4/asserts_wrapper/helper/helper.go:40
        	            				/Users/iakovalev/Desktop/temp/ppo/tests/integration/usecase/item_test.go:102
        	            				/Users/iakovalev/go/pkg/mod/github.com/ozontech/allure-go/pkg/framework@v0.7.4/core/common/steps.go:27
        	            				/Users/iakovalev/Desktop/temp/ppo/tests/integration/usecase/item_test.go:36
        	            				/usr/local/go/src/reflect/value.go:581
        	            				/usr/local/go/src/reflect/value.go:365
        	            				/Users/iakovalev/go/pkg/mod/github.com/ozontech/allure-go/pkg/framework@v0.7.4/runner/tests.go:163
        	            				/Users/iakovalev/go/pkg/mod/github.com/ozontech/allure-go/pkg/framework@v0.7.4/runner/runner.go:224
        	Error:      	Not equal: 
        	            	expected: 3000
        	            	actual  : 0
        	Test:       	TestFullItemFlow
    assertions.go:387: 
        	Error Trace:	/Users/iakovalev/go/pkg/mod/github.com/ozontech/allure-go/pkg/framework@v0.7.4/asserts_wrapper/wrapper/wrapper.go:121
        	            				/Users/iakovalev/go/pkg/mod/github.com/ozontech/allure-go/pkg/framework@v0.7.4/asserts_wrapper/wrapper/helper.go:27
        	            				/Users/iakovalev/go/pkg/mod/github.com/ozontech/allure-go/pkg/framework@v0.7.4/asserts_wrapper/wrapper/wrapper.go:117
        	            				/Users/iakovalev/go/pkg/mod/github.com/ozontech/allure-go/pkg/framework@v0.7.4/asserts_wrapper/helper/helper.go:40
        	            				/Users/iakovalev/Desktop/temp/ppo/tests/integration/usecase/item_test.go:103
        	            				/Users/iakovalev/go/pkg/mod/github.com/ozontech/allure-go/pkg/framework@v0.7.4/core/common/steps.go:27
        	            				/Users/iakovalev/Desktop/temp/ppo/tests/integration/usecase/item_test.go:36
        	            				/usr/local/go/src/reflect/value.go:581
        	            				/usr/local/go/src/reflect/value.go:365
        	            				/Users/iakovalev/go/pkg/mod/github.com/ozontech/allure-go/pkg/framework@v0.7.4/runner/tests.go:163
        	            				/Users/iakovalev/go/pkg/mod/github.com/ozontech/allure-go/pkg/framework@v0.7.4/runner/runner.go:224
        	Error:      	Not equal: 
        	            	expected: "Upgraded toy horse"
        	            	actual  : ""
        	            	
        	            	Diff:
        	            	--- Expected
        	            	+++ Actual
        	            	@@ -1 +1 @@
        	            	-Upgraded toy horse
        	            	+
        	Test:       	TestFullItemFlow
    assertions.go:387: 
        	Error Trace:	/Users/iakovalev/go/pkg/mod/github.com/ozontech/allure-go/pkg/framework@v0.7.4/asserts_wrapper/wrapper/wrapper.go:259
        	            				/Users/iakovalev/go/pkg/mod/github.com/ozontech/allure-go/pkg/framework@v0.7.4/asserts_wrapper/wrapper/helper.go:27
        	            				/Users/iakovalev/go/pkg/mod/github.com/ozontech/allure-go/pkg/framework@v0.7.4/asserts_wrapper/wrapper/wrapper.go:255
        	            				/Users/iakovalev/go/pkg/mod/github.com/ozontech/allure-go/pkg/framework@v0.7.4/asserts_wrapper/helper/helper.go:75
        	            				/Users/iakovalev/Desktop/temp/ppo/tests/integration/usecase/item_test.go:109
        	            				/Users/iakovalev/go/pkg/mod/github.com/ozontech/allure-go/pkg/framework@v0.7.4/core/common/steps.go:27
        	            				/Users/iakovalev/Desktop/temp/ppo/tests/integration/usecase/item_test.go:36
        	            				/usr/local/go/src/reflect/value.go:581
        	            				/usr/local/go/src/reflect/value.go:365
        	            				/Users/iakovalev/go/pkg/mod/github.com/ozontech/allure-go/pkg/framework@v0.7.4/runner/tests.go:163
        	            				/Users/iakovalev/go/pkg/mod/github.com/ozontech/allure-go/pkg/framework@v0.7.4/runner/runner.go:224
        	Error:      	Target error should be in err chain:
        	            	expected: "no access"
        	            	in chain: "item usecase: failed to get item: not found"
        	            		"not found"
        	Test:       	TestFullItemFlow
=== RUN   TestSuite/OrderFlow
=== RUN   TestSuite/OrderFlow/Tests
=== RUN   TestSuite/OrderFlow/Tests/TestFullOrderFlow
    db_client.go:111: Cleanup for test TestFullOrderFlow finished in 11.018416ms
    db_client.go:156: DB preparation for test TestFullOrderFlow finished in 25.760292ms
=== RUN   TestSuite/UserTest
=== RUN   TestSuite/UserTest/Tests
=== RUN   TestSuite/UserTest/Tests/TestFullUserFlow
    db_client.go:111: Cleanup for test TestFullUserFlow finished in 10.876459ms
    db_client.go:156: DB preparation for test TestFullUserFlow finished in 17.240584ms
=== RUN   TestSuite/CartTest
=== RUN   TestSuite/CartTest/Tests
=== RUN   TestSuite/CartTest/Tests/TestFullCartFlow
    db_client.go:111: Cleanup for test TestFullCartFlow finished in 12.860208ms
    db_client.go:156: DB preparation for test TestFullCartFlow finished in 9.673041ms
=== RUN   TestSuite/AuthTest
=== RUN   TestSuite/AuthTest/Tests
=== RUN   TestSuite/AuthTest/Tests/TestFullAuthFlow
    db_client.go:111: Cleanup for test TestFullAuthFlow finished in 9.87375ms
    db_client.go:156: DB preparation for test TestFullAuthFlow finished in 10.122042ms
--- FAIL: TestSuite (0.98s)
    --- PASS: TestSuite/UserTest (0.28s)
    --- PASS: TestSuite/AuthTest (0.26s)
    --- FAIL: TestSuite/ItemFlow (0.33s)
    --- PASS: TestSuite/OrderFlow (0.07s)
    --- PASS: TestSuite/CartTest (0.04s)
        --- PASS: TestSuite/CartTest/Tests (0.04s)
        --- PASS: TestSuite/UserTest/Tests (0.28s)
        --- PASS: TestSuite/OrderFlow/Tests (0.07s)
        --- FAIL: TestSuite/ItemFlow/Tests (0.33s)
        --- PASS: TestSuite/AuthTest/Tests (0.26s)
            --- PASS: TestSuite/UserTest/Tests/TestFullUserFlow (0.28s)
            --- PASS: TestSuite/OrderFlow/Tests/TestFullOrderFlow (0.07s)
            --- PASS: TestSuite/AuthTest/Tests/TestFullAuthFlow (0.26s)
            --- FAIL: TestSuite/ItemFlow/Tests/TestFullItemFlow (0.33s)
            --- PASS: TestSuite/CartTest/Tests/TestFullCartFlow (0.04s)
