=== RUN   TestSuite/SessionCreateDelete/Tests
=== RUN   TestSuite/SessionCreateDelete/Tests/TestLoginLogout
db_client.go:111: Cleanup for test TestLoginLogout finished in 40.928208ms
db_client.go:156: DB preparation for test TestLoginLogout finished in 35.026791ms
assertions.go:387: 
	Error Trace:	/Users/iakovalev/go/pkg/mod/github.com/ozontech/allure-go/pkg/framework@v0.7.4/asserts_wrapper/wrapper/wrapper.go:612
	            				/Users/iakovalev/go/pkg/mod/github.com/ozontech/allure-go/pkg/framework@v0.7.4/asserts_wrapper/wrapper/helper.go:27
	            				/Users/iakovalev/go/pkg/mod/github.com/ozontech/allure-go/pkg/framework@v0.7.4/asserts_wrapper/wrapper/wrapper.go:608
	            				/Users/iakovalev/go/pkg/mod/github.com/ozontech/allure-go/pkg/framework@v0.7.4/asserts_wrapper/helper/helper.go:174
	            				/Users/iakovalev/Desktop/temp/ppo/tests/integration/repository/auth_session_test.go:45
	            				/Users/iakovalev/go/pkg/mod/github.com/ozontech/allure-go/pkg/framework@v0.7.4/core/common/steps.go:27
	            				/Users/iakovalev/Desktop/temp/ppo/tests/integration/repository/auth_session_test.go:35
	            				/usr/local/go/src/reflect/value.go:581
	            				/usr/local/go/src/reflect/value.go:365
	            				/Users/iakovalev/go/pkg/mod/github.com/ozontech/allure-go/pkg/framework@v0.7.4/runner/tests.go:163
	            				/Users/iakovalev/go/pkg/mod/github.com/ozontech/allure-go/pkg/framework@v0.7.4/runner/runner.go:224
	Error:      	Should be true
	Test:       	TestLoginLogout
assertions.go:387: 
	Error Trace:	/Users/iakovalev/go/pkg/mod/github.com/ozontech/allure-go/pkg/framework@v0.7.4/asserts_wrapper/wrapper/wrapper.go:205
	            				/Users/iakovalev/go/pkg/mod/github.com/ozontech/allure-go/pkg/framework@v0.7.4/asserts_wrapper/wrapper/helper.go:27
	            				/Users/iakovalev/go/pkg/mod/github.com/ozontech/allure-go/pkg/framework@v0.7.4/asserts_wrapper/wrapper/wrapper.go:201
	            				/Users/iakovalev/go/pkg/mod/github.com/ozontech/allure-go/pkg/framework@v0.7.4/asserts_wrapper/helper/helper.go:65
	            				/Users/iakovalev/Desktop/temp/ppo/tests/integration/repository/auth_session_test.go:49
	            				/Users/iakovalev/go/pkg/mod/github.com/ozontech/allure-go/pkg/framework@v0.7.4/core/common/steps.go:27
	            				/Users/iakovalev/Desktop/temp/ppo/tests/integration/repository/auth_session_test.go:35
	            				/usr/local/go/src/reflect/value.go:581
	            				/usr/local/go/src/reflect/value.go:365
	            				/Users/iakovalev/go/pkg/mod/github.com/ozontech/allure-go/pkg/framework@v0.7.4/runner/tests.go:163
	            				/Users/iakovalev/go/pkg/mod/github.com/ozontech/allure-go/pkg/framework@v0.7.4/runner/runner.go:224
	Error:      	Received unexpected error:
	            	not found
	Test:       	TestLoginLogout
assertions.go:387: 
	Error Trace:	/Users/iakovalev/go/pkg/mod/github.com/ozontech/allure-go/pkg/framework@v0.7.4/asserts_wrapper/wrapper/wrapper.go:121
	            				/Users/iakovalev/go/pkg/mod/github.com/ozontech/allure-go/pkg/framework@v0.7.4/asserts_wrapper/wrapper/helper.go:27
	            				/Users/iakovalev/go/pkg/mod/github.com/ozontech/allure-go/pkg/framework@v0.7.4/asserts_wrapper/wrapper/wrapper.go:117
	            				/Users/iakovalev/go/pkg/mod/github.com/ozontech/allure-go/pkg/framework@v0.7.4/asserts_wrapper/helper/helper.go:40
	            				/Users/iakovalev/Desktop/temp/ppo/tests/integration/repository/auth_session_test.go:50
	            				/Users/iakovalev/go/pkg/mod/github.com/ozontech/allure-go/pkg/framework@v0.7.4/core/common/steps.go:27
	            				/Users/iakovalev/Desktop/temp/ppo/tests/integration/repository/auth_session_test.go:35
	            				/usr/local/go/src/reflect/value.go:581
	            				/usr/local/go/src/reflect/value.go:365
	            				/Users/iakovalev/go/pkg/mod/github.com/ozontech/allure-go/pkg/framework@v0.7.4/runner/tests.go:163
	            				/Users/iakovalev/go/pkg/mod/github.com/ozontech/allure-go/pkg/framework@v0.7.4/runner/runner.go:224
	Error:      	Not equal: 
	            	expected: 1
	            	actual  : 0
	Test:       	TestLoginLogout
assertions.go:387: 
	Error Trace:	/Users/iakovalev/go/pkg/mod/github.com/ozontech/allure-go/pkg/framework@v0.7.4/asserts_wrapper/wrapper/wrapper.go:205
	            				/Users/iakovalev/go/pkg/mod/github.com/ozontech/allure-go/pkg/framework@v0.7.4/asserts_wrapper/wrapper/helper.go:27
	            				/Users/iakovalev/go/pkg/mod/github.com/ozontech/allure-go/pkg/framework@v0.7.4/asserts_wrapper/wrapper/wrapper.go:201
	            				/Users/iakovalev/go/pkg/mod/github.com/ozontech/allure-go/pkg/framework@v0.7.4/asserts_wrapper/helper/helper.go:65
	            				/Users/iakovalev/Desktop/temp/ppo/tests/integration/repository/auth_session_test.go:54
	            				/Users/iakovalev/go/pkg/mod/github.com/ozontech/allure-go/pkg/framework@v0.7.4/core/common/steps.go:27
	            				/Users/iakovalev/Desktop/temp/ppo/tests/integration/repository/auth_session_test.go:35
	            				/usr/local/go/src/reflect/value.go:581
	            				/usr/local/go/src/reflect/value.go:365
	            				/Users/iakovalev/go/pkg/mod/github.com/ozontech/allure-go/pkg/framework@v0.7.4/runner/tests.go:163
	            				/Users/iakovalev/go/pkg/mod/github.com/ozontech/allure-go/pkg/framework@v0.7.4/runner/runner.go:224
	Error:      	Received unexpected error:
	            	not found
	Test:       	TestLoginLogout
--- FAIL: TestSuite/SessionCreateDelete/Tests (0.11s)
    --- FAIL: TestSuite/SessionCreateDelete/Tests/TestLoginLogout (0.11s)
