=== RUN   TestSuite
=== RUN   TestSuite/ItemFlow
=== RUN   TestSuite/ItemFlow/Tests
=== RUN   TestSuite/ItemFlow/Tests/TestFullItemFlow
    db_client.go:111: Cleanup for test TestFullItemFlow finished in 31.754875ms
    db_client.go:156: DB preparation for test TestFullItemFlow finished in 86.592208ms
=== RUN   TestSuite/OrderFlow
=== RUN   TestSuite/OrderFlow/Tests
=== RUN   TestSuite/OrderFlow/Tests/TestFullOrderFlow
    db_client.go:111: Cleanup for test TestFullOrderFlow finished in 15.636291ms
    db_client.go:156: DB preparation for test TestFullOrderFlow finished in 13.659042ms
    assertions.go:387: 
        	Error Trace:	/Users/iakovalev/go/pkg/mod/github.com/ozontech/allure-go/pkg/framework@v0.7.4/asserts_wrapper/wrapper/wrapper.go:205
        	            				/Users/iakovalev/go/pkg/mod/github.com/ozontech/allure-go/pkg/framework@v0.7.4/asserts_wrapper/wrapper/helper.go:27
        	            				/Users/iakovalev/go/pkg/mod/github.com/ozontech/allure-go/pkg/framework@v0.7.4/asserts_wrapper/wrapper/wrapper.go:201
        	            				/Users/iakovalev/go/pkg/mod/github.com/ozontech/allure-go/pkg/framework@v0.7.4/asserts_wrapper/helper/helper.go:65
        	            				/Users/iakovalev/Desktop/temp/ppo/tests/integration/usecase/order_test.go:55
        	            				/Users/iakovalev/go/pkg/mod/github.com/ozontech/allure-go/pkg/framework@v0.7.4/core/common/steps.go:27
        	            				/Users/iakovalev/Desktop/temp/ppo/tests/integration/usecase/order_test.go:36
        	            				/usr/local/go/src/reflect/value.go:581
        	            				/usr/local/go/src/reflect/value.go:365
        	            				/Users/iakovalev/go/pkg/mod/github.com/ozontech/allure-go/pkg/framework@v0.7.4/runner/tests.go:163
        	            				/Users/iakovalev/go/pkg/mod/github.com/ozontech/allure-go/pkg/framework@v0.7.4/runner/runner.go:224
        	Error:      	Received unexpected error:
        	            	order usecase: failed to get cart items: not found
        	Test:       	TestFullOrderFlow
    assertions.go:387: 
        	Error Trace:	/Users/iakovalev/go/pkg/mod/github.com/ozontech/allure-go/pkg/framework@v0.7.4/asserts_wrapper/wrapper/wrapper.go:612
        	            				/Users/iakovalev/go/pkg/mod/github.com/ozontech/allure-go/pkg/framework@v0.7.4/asserts_wrapper/wrapper/helper.go:27
        	            				/Users/iakovalev/go/pkg/mod/github.com/ozontech/allure-go/pkg/framework@v0.7.4/asserts_wrapper/wrapper/wrapper.go:608
        	            				/Users/iakovalev/go/pkg/mod/github.com/ozontech/allure-go/pkg/framework@v0.7.4/asserts_wrapper/helper/helper.go:174
        	            				/Users/iakovalev/Desktop/temp/ppo/tests/integration/usecase/order_test.go:56
        	            				/Users/iakovalev/go/pkg/mod/github.com/ozontech/allure-go/pkg/framework@v0.7.4/core/common/steps.go:27
        	            				/Users/iakovalev/Desktop/temp/ppo/tests/integration/usecase/order_test.go:36
        	            				/usr/local/go/src/reflect/value.go:581
        	            				/usr/local/go/src/reflect/value.go:365
        	            				/Users/iakovalev/go/pkg/mod/github.com/ozontech/allure-go/pkg/framework@v0.7.4/runner/tests.go:163
        	            				/Users/iakovalev/go/pkg/mod/github.com/ozontech/allure-go/pkg/framework@v0.7.4/runner/runner.go:224
        	Error:      	Should be true
        	Test:       	TestFullOrderFlow
    assertions.go:387: 
        	Error Trace:	/Users/iakovalev/go/pkg/mod/github.com/ozontech/allure-go/pkg/framework@v0.7.4/asserts_wrapper/wrapper/wrapper.go:205
        	            				/Users/iakovalev/go/pkg/mod/github.com/ozontech/allure-go/pkg/framework@v0.7.4/asserts_wrapper/wrapper/helper.go:27
        	            				/Users/iakovalev/go/pkg/mod/github.com/ozontech/allure-go/pkg/framework@v0.7.4/asserts_wrapper/wrapper/wrapper.go:201
        	            				/Users/iakovalev/go/pkg/mod/github.com/ozontech/allure-go/pkg/framework@v0.7.4/asserts_wrapper/helper/helper.go:65
        	            				/Users/iakovalev/Desktop/temp/ppo/tests/integration/usecase/order_test.go:63
        	            				/Users/iakovalev/go/pkg/mod/github.com/ozontech/allure-go/pkg/framework@v0.7.4/core/common/steps.go:27
        	            				/Users/iakovalev/Desktop/temp/ppo/tests/integration/usecase/order_test.go:36
        	            				/usr/local/go/src/reflect/value.go:581
        	            				/usr/local/go/src/reflect/value.go:365
        	            				/Users/iakovalev/go/pkg/mod/github.com/ozontech/allure-go/pkg/framework@v0.7.4/runner/tests.go:163
        	            				/Users/iakovalev/go/pkg/mod/github.com/ozontech/allure-go/pkg/framework@v0.7.4/runner/runner.go:224
        	Error:      	Received unexpected error:
        	            	order usecase: failed to get order by ID: not found
        	Test:       	TestFullOrderFlow
    assertions.go:387: 
        	Error Trace:	/Users/iakovalev/go/pkg/mod/github.com/ozontech/allure-go/pkg/framework@v0.7.4/asserts_wrapper/wrapper/wrapper.go:612
        	            				/Users/iakovalev/go/pkg/mod/github.com/ozontech/allure-go/pkg/framework@v0.7.4/asserts_wrapper/wrapper/helper.go:27
        	            				/Users/iakovalev/go/pkg/mod/github.com/ozontech/allure-go/pkg/framework@v0.7.4/asserts_wrapper/wrapper/wrapper.go:608
        	            				/Users/iakovalev/go/pkg/mod/github.com/ozontech/allure-go/pkg/framework@v0.7.4/asserts_wrapper/helper/helper.go:174
        	            				/Users/iakovalev/Desktop/temp/ppo/tests/integration/usecase/order_test.go:65
        	            				/Users/iakovalev/go/pkg/mod/github.com/ozontech/allure-go/pkg/framework@v0.7.4/core/common/steps.go:27
        	            				/Users/iakovalev/Desktop/temp/ppo/tests/integration/usecase/order_test.go:36
        	            				/usr/local/go/src/reflect/value.go:581
        	            				/usr/local/go/src/reflect/value.go:365
        	            				/Users/iakovalev/go/pkg/mod/github.com/ozontech/allure-go/pkg/framework@v0.7.4/runner/tests.go:163
        	            				/Users/iakovalev/go/pkg/mod/github.com/ozontech/allure-go/pkg/framework@v0.7.4/runner/runner.go:224
        	Error:      	Should be true
        	Test:       	TestFullOrderFlow
    assertions.go:387: 
        	Error Trace:	/Users/iakovalev/go/pkg/mod/github.com/ozontech/allure-go/pkg/framework@v0.7.4/asserts_wrapper/wrapper/wrapper.go:342
        	            				/Users/iakovalev/go/pkg/mod/github.com/ozontech/allure-go/pkg/framework@v0.7.4/asserts_wrapper/wrapper/helper.go:27
        	            				/Users/iakovalev/go/pkg/mod/github.com/ozontech/allure-go/pkg/framework@v0.7.4/asserts_wrapper/wrapper/wrapper.go:338
        	            				/Users/iakovalev/go/pkg/mod/github.com/ozontech/allure-go/pkg/framework@v0.7.4/asserts_wrapper/helper/helper.go:95
        	            				/Users/iakovalev/Desktop/temp/ppo/tests/integration/usecase/order_test.go:66
        	            				/Users/iakovalev/go/pkg/mod/github.com/ozontech/allure-go/pkg/framework@v0.7.4/core/common/steps.go:27
        	            				/Users/iakovalev/Desktop/temp/ppo/tests/integration/usecase/order_test.go:36
        	            				/usr/local/go/src/reflect/value.go:581
        	            				/usr/local/go/src/reflect/value.go:365
        	            				/Users/iakovalev/go/pkg/mod/github.com/ozontech/allure-go/pkg/framework@v0.7.4/runner/tests.go:163
        	            				/Users/iakovalev/go/pkg/mod/github.com/ozontech/allure-go/pkg/framework@v0.7.4/runner/runner.go:224
        	Error:      	"[]" should have 2 item(s), but has 0
        	Test:       	TestFullOrderFlow
    assertions.go:387: 
        	Error Trace:	/Users/iakovalev/go/pkg/mod/github.com/ozontech/allure-go/pkg/framework@v0.7.4/asserts_wrapper/wrapper/wrapper.go:205
        	            				/Users/iakovalev/go/pkg/mod/github.com/ozontech/allure-go/pkg/framework@v0.7.4/asserts_wrapper/wrapper/helper.go:27
        	            				/Users/iakovalev/go/pkg/mod/github.com/ozontech/allure-go/pkg/framework@v0.7.4/asserts_wrapper/wrapper/wrapper.go:201
        	            				/Users/iakovalev/go/pkg/mod/github.com/ozontech/allure-go/pkg/framework@v0.7.4/asserts_wrapper/helper/helper.go:65
        	            				/Users/iakovalev/Desktop/temp/ppo/tests/integration/usecase/order_test.go:69
        	            				/Users/iakovalev/go/pkg/mod/github.com/ozontech/allure-go/pkg/framework@v0.7.4/core/common/steps.go:27
        	            				/Users/iakovalev/Desktop/temp/ppo/tests/integration/usecase/order_test.go:36
        	            				/usr/local/go/src/reflect/value.go:581
        	            				/usr/local/go/src/reflect/value.go:365
        	            				/Users/iakovalev/go/pkg/mod/github.com/ozontech/allure-go/pkg/framework@v0.7.4/runner/tests.go:163
        	            				/Users/iakovalev/go/pkg/mod/github.com/ozontech/allure-go/pkg/framework@v0.7.4/runner/runner.go:224
        	Error:      	Received unexpected error:
        	            	order usecase: failed to get all user orders: not found
        	Test:       	TestFullOrderFlow
    assertions.go:387: 
        	Error Trace:	/Users/iakovalev/go/pkg/mod/github.com/ozontech/allure-go/pkg/framework@v0.7.4/asserts_wrapper/wrapper/wrapper.go:612
        	            				/Users/iakovalev/go/pkg/mod/github.com/ozontech/allure-go/pkg/framework@v0.7.4/asserts_wrapper/wrapper/helper.go:27
        	            				/Users/iakovalev/go/pkg/mod/github.com/ozontech/allure-go/pkg/framework@v0.7.4/asserts_wrapper/wrapper/wrapper.go:608
        	            				/Users/iakovalev/go/pkg/mod/github.com/ozontech/allure-go/pkg/framework@v0.7.4/asserts_wrapper/helper/helper.go:174
        	            				/Users/iakovalev/Desktop/temp/ppo/tests/integration/usecase/order_test.go:77
        	            				/Users/iakovalev/go/pkg/mod/github.com/ozontech/allure-go/pkg/framework@v0.7.4/core/common/steps.go:27
        	            				/Users/iakovalev/Desktop/temp/ppo/tests/integration/usecase/order_test.go:36
        	            				/usr/local/go/src/reflect/value.go:581
        	            				/usr/local/go/src/reflect/value.go:365
        	            				/Users/iakovalev/go/pkg/mod/github.com/ozontech/allure-go/pkg/framework@v0.7.4/runner/tests.go:163
        	            				/Users/iakovalev/go/pkg/mod/github.com/ozontech/allure-go/pkg/framework@v0.7.4/runner/runner.go:224
        	Error:      	Should be true
        	Test:       	TestFullOrderFlow
    assertions.go:387: 
        	Error Trace:	/Users/iakovalev/go/pkg/mod/github.com/ozontech/allure-go/pkg/framework@v0.7.4/asserts_wrapper/wrapper/wrapper.go:205
        	            				/Users/iakovalev/go/pkg/mod/github.com/ozontech/allure-go/pkg/framework@v0.7.4/asserts_wrapper/wrapper/helper.go:27
        	            				/Users/iakovalev/go/pkg/mod/github.com/ozontech/allure-go/pkg/framework@v0.7.4/asserts_wrapper/wrapper/wrapper.go:201
        	            				/Users/iakovalev/go/pkg/mod/github.com/ozontech/allure-go/pkg/framework@v0.7.4/asserts_wrapper/helper/helper.go:65
        	            				/Users/iakovalev/Desktop/temp/ppo/tests/integration/usecase/order_test.go:81
        	            				/Users/iakovalev/go/pkg/mod/github.com/ozontech/allure-go/pkg/framework@v0.7.4/core/common/steps.go:27
        	            				/Users/iakovalev/Desktop/temp/ppo/tests/integration/usecase/order_test.go:36
        	            				/usr/local/go/src/reflect/value.go:581
        	            				/usr/local/go/src/reflect/value.go:365
        	            				/Users/iakovalev/go/pkg/mod/github.com/ozontech/allure-go/pkg/framework@v0.7.4/runner/tests.go:163
        	            				/Users/iakovalev/go/pkg/mod/github.com/ozontech/allure-go/pkg/framework@v0.7.4/runner/runner.go:224
        	Error:      	Received unexpected error:
        	            	order usecase: failed to get order by ID: not found
        	Test:       	TestFullOrderFlow
    assertions.go:387: 
        	Error Trace:	/Users/iakovalev/go/pkg/mod/github.com/ozontech/allure-go/pkg/framework@v0.7.4/asserts_wrapper/wrapper/wrapper.go:205
        	            				/Users/iakovalev/go/pkg/mod/github.com/ozontech/allure-go/pkg/framework@v0.7.4/asserts_wrapper/wrapper/helper.go:27
        	            				/Users/iakovalev/go/pkg/mod/github.com/ozontech/allure-go/pkg/framework@v0.7.4/asserts_wrapper/wrapper/wrapper.go:201
        	            				/Users/iakovalev/go/pkg/mod/github.com/ozontech/allure-go/pkg/framework@v0.7.4/asserts_wrapper/helper/helper.go:65
        	            				/Users/iakovalev/Desktop/temp/ppo/tests/integration/usecase/order_test.go:84
        	            				/Users/iakovalev/go/pkg/mod/github.com/ozontech/allure-go/pkg/framework@v0.7.4/core/common/steps.go:27
        	            				/Users/iakovalev/Desktop/temp/ppo/tests/integration/usecase/order_test.go:36
        	            				/usr/local/go/src/reflect/value.go:581
        	            				/usr/local/go/src/reflect/value.go:365
        	            				/Users/iakovalev/go/pkg/mod/github.com/ozontech/allure-go/pkg/framework@v0.7.4/runner/tests.go:163
        	            				/Users/iakovalev/go/pkg/mod/github.com/ozontech/allure-go/pkg/framework@v0.7.4/runner/runner.go:224
        	Error:      	Received unexpected error:
        	            	order usecase: failed to get order by ID: not found
        	Test:       	TestFullOrderFlow
    assertions.go:387: 
        	Error Trace:	/Users/iakovalev/go/pkg/mod/github.com/ozontech/allure-go/pkg/framework@v0.7.4/asserts_wrapper/wrapper/wrapper.go:121
        	            				/Users/iakovalev/go/pkg/mod/github.com/ozontech/allure-go/pkg/framework@v0.7.4/asserts_wrapper/wrapper/helper.go:27
        	            				/Users/iakovalev/go/pkg/mod/github.com/ozontech/allure-go/pkg/framework@v0.7.4/asserts_wrapper/wrapper/wrapper.go:117
        	            				/Users/iakovalev/go/pkg/mod/github.com/ozontech/allure-go/pkg/framework@v0.7.4/asserts_wrapper/helper/helper.go:40
        	            				/Users/iakovalev/Desktop/temp/ppo/tests/integration/usecase/order_test.go:85
        	            				/Users/iakovalev/go/pkg/mod/github.com/ozontech/allure-go/pkg/framework@v0.7.4/core/common/steps.go:27
        	            				/Users/iakovalev/Desktop/temp/ppo/tests/integration/usecase/order_test.go:36
        	            				/usr/local/go/src/reflect/value.go:581
        	            				/usr/local/go/src/reflect/value.go:365
        	            				/Users/iakovalev/go/pkg/mod/github.com/ozontech/allure-go/pkg/framework@v0.7.4/runner/tests.go:163
        	            				/Users/iakovalev/go/pkg/mod/github.com/ozontech/allure-go/pkg/framework@v0.7.4/runner/runner.go:224
        	Error:      	Not equal: 
        	            	expected: "created"
        	            	actual  : ""
        	            	
        	            	Diff:
        	            	--- Expected
        	            	+++ Actual
        	            	@@ -1 +1 @@
        	            	-created
        	            	+
        	Test:       	TestFullOrderFlow
    assertions.go:387: 
        	Error Trace:	/Users/iakovalev/go/pkg/mod/github.com/ozontech/allure-go/pkg/framework@v0.7.4/asserts_wrapper/wrapper/wrapper.go:205
        	            				/Users/iakovalev/go/pkg/mod/github.com/ozontech/allure-go/pkg/framework@v0.7.4/asserts_wrapper/wrapper/helper.go:27
        	            				/Users/iakovalev/go/pkg/mod/github.com/ozontech/allure-go/pkg/framework@v0.7.4/asserts_wrapper/wrapper/wrapper.go:201
        	            				/Users/iakovalev/go/pkg/mod/github.com/ozontech/allure-go/pkg/framework@v0.7.4/asserts_wrapper/helper/helper.go:65
        	            				/Users/iakovalev/Desktop/temp/ppo/tests/integration/usecase/order_test.go:88
        	            				/Users/iakovalev/go/pkg/mod/github.com/ozontech/allure-go/pkg/framework@v0.7.4/core/common/steps.go:27
        	            				/Users/iakovalev/Desktop/temp/ppo/tests/integration/usecase/order_test.go:36
        	            				/usr/local/go/src/reflect/value.go:581
        	            				/usr/local/go/src/reflect/value.go:365
        	            				/Users/iakovalev/go/pkg/mod/github.com/ozontech/allure-go/pkg/framework@v0.7.4/runner/tests.go:163
        	            				/Users/iakovalev/go/pkg/mod/github.com/ozontech/allure-go/pkg/framework@v0.7.4/runner/runner.go:224
        	Error:      	Received unexpected error:
        	            	order usecase: failed to get order by ID: not found
        	Test:       	TestFullOrderFlow
    assertions.go:387: 
        	Error Trace:	/Users/iakovalev/go/pkg/mod/github.com/ozontech/allure-go/pkg/framework@v0.7.4/asserts_wrapper/wrapper/wrapper.go:205
        	            				/Users/iakovalev/go/pkg/mod/github.com/ozontech/allure-go/pkg/framework@v0.7.4/asserts_wrapper/wrapper/helper.go:27
        	            				/Users/iakovalev/go/pkg/mod/github.com/ozontech/allure-go/pkg/framework@v0.7.4/asserts_wrapper/wrapper/wrapper.go:201
        	            				/Users/iakovalev/go/pkg/mod/github.com/ozontech/allure-go/pkg/framework@v0.7.4/asserts_wrapper/helper/helper.go:65
        	            				/Users/iakovalev/Desktop/temp/ppo/tests/integration/usecase/order_test.go:91
        	            				/Users/iakovalev/go/pkg/mod/github.com/ozontech/allure-go/pkg/framework@v0.7.4/core/common/steps.go:27
        	            				/Users/iakovalev/Desktop/temp/ppo/tests/integration/usecase/order_test.go:36
        	            				/usr/local/go/src/reflect/value.go:581
        	            				/usr/local/go/src/reflect/value.go:365
        	            				/Users/iakovalev/go/pkg/mod/github.com/ozontech/allure-go/pkg/framework@v0.7.4/runner/tests.go:163
        	            				/Users/iakovalev/go/pkg/mod/github.com/ozontech/allure-go/pkg/framework@v0.7.4/runner/runner.go:224
        	Error:      	Received unexpected error:
        	            	order usecase: failed to get order by ID: not found
        	Test:       	TestFullOrderFlow
    assertions.go:387: 
        	Error Trace:	/Users/iakovalev/go/pkg/mod/github.com/ozontech/allure-go/pkg/framework@v0.7.4/asserts_wrapper/wrapper/wrapper.go:121
        	            				/Users/iakovalev/go/pkg/mod/github.com/ozontech/allure-go/pkg/framework@v0.7.4/asserts_wrapper/wrapper/helper.go:27
        	            				/Users/iakovalev/go/pkg/mod/github.com/ozontech/allure-go/pkg/framework@v0.7.4/asserts_wrapper/wrapper/wrapper.go:117
        	            				/Users/iakovalev/go/pkg/mod/github.com/ozontech/allure-go/pkg/framework@v0.7.4/asserts_wrapper/helper/helper.go:40
        	            				/Users/iakovalev/Desktop/temp/ppo/tests/integration/usecase/order_test.go:92
        	            				/Users/iakovalev/go/pkg/mod/github.com/ozontech/allure-go/pkg/framework@v0.7.4/core/common/steps.go:27
        	            				/Users/iakovalev/Desktop/temp/ppo/tests/integration/usecase/order_test.go:36
        	            				/usr/local/go/src/reflect/value.go:581
        	            				/usr/local/go/src/reflect/value.go:365
        	            				/Users/iakovalev/go/pkg/mod/github.com/ozontech/allure-go/pkg/framework@v0.7.4/runner/tests.go:163
        	            				/Users/iakovalev/go/pkg/mod/github.com/ozontech/allure-go/pkg/framework@v0.7.4/runner/runner.go:224
        	Error:      	Not equal: 
        	            	expected: "cancelled"
        	            	actual  : ""
        	            	
        	            	Diff:
        	            	--- Expected
        	            	+++ Actual
        	            	@@ -1 +1 @@
        	            	-cancelled
        	            	+
        	Test:       	TestFullOrderFlow
=== RUN   TestSuite/UserTest
=== RUN   TestSuite/UserTest/Tests
=== RUN   TestSuite/UserTest/Tests/TestFullUserFlow
    db_client.go:111: Cleanup for test TestFullUserFlow finished in 12.129541ms
    db_client.go:156: DB preparation for test TestFullUserFlow finished in 23.4225ms
=== RUN   TestSuite/CartTest
=== RUN   TestSuite/CartTest/Tests
=== RUN   TestSuite/CartTest/Tests/TestFullCartFlow
    db_client.go:111: Cleanup for test TestFullCartFlow finished in 13.9955ms
    db_client.go:156: DB preparation for test TestFullCartFlow finished in 10.055417ms
=== RUN   TestSuite/AuthTest
=== RUN   TestSuite/AuthTest/Tests
=== RUN   TestSuite/AuthTest/Tests/TestFullAuthFlow
    db_client.go:111: Cleanup for test TestFullAuthFlow finished in 9.027625ms
    db_client.go:156: DB preparation for test TestFullAuthFlow finished in 9.166917ms
--- FAIL: TestSuite (0.81s)
    --- PASS: TestSuite/UserTest (0.28s)
    --- PASS: TestSuite/AuthTest (0.26s)
    --- PASS: TestSuite/ItemFlow (0.16s)
    --- FAIL: TestSuite/OrderFlow (0.06s)
    --- PASS: TestSuite/CartTest (0.04s)
        --- PASS: TestSuite/CartTest/Tests (0.04s)
        --- PASS: TestSuite/UserTest/Tests (0.28s)
        --- FAIL: TestSuite/OrderFlow/Tests (0.06s)
        --- PASS: TestSuite/ItemFlow/Tests (0.16s)
        --- PASS: TestSuite/AuthTest/Tests (0.26s)
            --- PASS: TestSuite/UserTest/Tests/TestFullUserFlow (0.28s)
            --- FAIL: TestSuite/OrderFlow/Tests/TestFullOrderFlow (0.06s)
            --- PASS: TestSuite/AuthTest/Tests/TestFullAuthFlow (0.26s)
            --- PASS: TestSuite/ItemFlow/Tests/TestFullItemFlow (0.16s)
            --- PASS: TestSuite/CartTest/Tests/TestFullCartFlow (0.04s)
