=== RUN   TestSuite
=== RUN   TestSuite/ItemFlow
=== RUN   TestSuite/ItemFlow/Tests
=== RUN   TestSuite/ItemFlow/Tests/TestGetCartItemsAmount
=== RUN   TestSuite/ItemFlow/Tests/TestGetCartItemsAmount/test_item_repository
    db_client.go:111: Cleanup for test test item repository finished in 40.601333ms
    db_client.go:156: DB preparation for test test item repository finished in 139.041833ms
=== RUN   TestSuite/CartFlow
=== RUN   TestSuite/CartFlow/Tests
=== RUN   TestSuite/CartFlow/Tests/TestAddItemsToCart
    db_client.go:111: Cleanup for test TestAddItemsToCart finished in 63.364ms
    db_client.go:156: DB preparation for test TestAddItemsToCart finished in 103.503125ms
=== RUN   TestSuite/SessionCreateDelete
=== RUN   TestSuite/SessionCreateDelete/Tests
=== RUN   TestSuite/SessionCreateDelete/Tests/TestLoginLogout
    db_client.go:111: Cleanup for test TestLoginLogout finished in 40.928208ms
    db_client.go:156: DB preparation for test TestLoginLogout finished in 35.026791ms
    assertions.go:387: 
        	Error Trace:	/Users/iakovalev/go/pkg/mod/github.com/ozontech/allure-go/pkg/framework@v0.7.4/asserts_wrapper/wrapper/wrapper.go:612
        	            				/Users/iakovalev/go/pkg/mod/github.com/ozontech/allure-go/pkg/framework@v0.7.4/asserts_wrapper/wrapper/helper.go:27
        	            				/Users/iakovalev/go/pkg/mod/github.com/ozontech/allure-go/pkg/framework@v0.7.4/asserts_wrapper/wrapper/wrapper.go:608
        	            				/Users/iakovalev/go/pkg/mod/github.com/ozontech/allure-go/pkg/framework@v0.7.4/asserts_wrapper/helper/helper.go:174
        	            				/Users/iakovalev/Desktop/temp/ppo/tests/integration/repository/auth_session_test.go:45
        	            				/Users/iakovalev/go/pkg/mod/github.com/ozontech/allure-go/pkg/framework@v0.7.4/core/common/steps.go:27
        	            				/Users/iakovalev/Desktop/temp/ppo/tests/integration/repository/auth_session_test.go:35
        	            				/usr/local/go/src/reflect/value.go:581
        	            				/usr/local/go/src/reflect/value.go:365
        	            				/Users/iakovalev/go/pkg/mod/github.com/ozontech/allure-go/pkg/framework@v0.7.4/runner/tests.go:163
        	            				/Users/iakovalev/go/pkg/mod/github.com/ozontech/allure-go/pkg/framework@v0.7.4/runner/runner.go:224
        	Error:      	Should be true
        	Test:       	TestLoginLogout
    assertions.go:387: 
        	Error Trace:	/Users/iakovalev/go/pkg/mod/github.com/ozontech/allure-go/pkg/framework@v0.7.4/asserts_wrapper/wrapper/wrapper.go:205
        	            				/Users/iakovalev/go/pkg/mod/github.com/ozontech/allure-go/pkg/framework@v0.7.4/asserts_wrapper/wrapper/helper.go:27
        	            				/Users/iakovalev/go/pkg/mod/github.com/ozontech/allure-go/pkg/framework@v0.7.4/asserts_wrapper/wrapper/wrapper.go:201
        	            				/Users/iakovalev/go/pkg/mod/github.com/ozontech/allure-go/pkg/framework@v0.7.4/asserts_wrapper/helper/helper.go:65
        	            				/Users/iakovalev/Desktop/temp/ppo/tests/integration/repository/auth_session_test.go:49
        	            				/Users/iakovalev/go/pkg/mod/github.com/ozontech/allure-go/pkg/framework@v0.7.4/core/common/steps.go:27
        	            				/Users/iakovalev/Desktop/temp/ppo/tests/integration/repository/auth_session_test.go:35
        	            				/usr/local/go/src/reflect/value.go:581
        	            				/usr/local/go/src/reflect/value.go:365
        	            				/Users/iakovalev/go/pkg/mod/github.com/ozontech/allure-go/pkg/framework@v0.7.4/runner/tests.go:163
        	            				/Users/iakovalev/go/pkg/mod/github.com/ozontech/allure-go/pkg/framework@v0.7.4/runner/runner.go:224
        	Error:      	Received unexpected error:
        	            	not found
        	Test:       	TestLoginLogout
    assertions.go:387: 
        	Error Trace:	/Users/iakovalev/go/pkg/mod/github.com/ozontech/allure-go/pkg/framework@v0.7.4/asserts_wrapper/wrapper/wrapper.go:121
        	            				/Users/iakovalev/go/pkg/mod/github.com/ozontech/allure-go/pkg/framework@v0.7.4/asserts_wrapper/wrapper/helper.go:27
        	            				/Users/iakovalev/go/pkg/mod/github.com/ozontech/allure-go/pkg/framework@v0.7.4/asserts_wrapper/wrapper/wrapper.go:117
        	            				/Users/iakovalev/go/pkg/mod/github.com/ozontech/allure-go/pkg/framework@v0.7.4/asserts_wrapper/helper/helper.go:40
        	            				/Users/iakovalev/Desktop/temp/ppo/tests/integration/repository/auth_session_test.go:50
        	            				/Users/iakovalev/go/pkg/mod/github.com/ozontech/allure-go/pkg/framework@v0.7.4/core/common/steps.go:27
        	            				/Users/iakovalev/Desktop/temp/ppo/tests/integration/repository/auth_session_test.go:35
        	            				/usr/local/go/src/reflect/value.go:581
        	            				/usr/local/go/src/reflect/value.go:365
        	            				/Users/iakovalev/go/pkg/mod/github.com/ozontech/allure-go/pkg/framework@v0.7.4/runner/tests.go:163
        	            				/Users/iakovalev/go/pkg/mod/github.com/ozontech/allure-go/pkg/framework@v0.7.4/runner/runner.go:224
        	Error:      	Not equal: 
        	            	expected: 1
        	            	actual  : 0
        	Test:       	TestLoginLogout
    assertions.go:387: 
        	Error Trace:	/Users/iakovalev/go/pkg/mod/github.com/ozontech/allure-go/pkg/framework@v0.7.4/asserts_wrapper/wrapper/wrapper.go:205
        	            				/Users/iakovalev/go/pkg/mod/github.com/ozontech/allure-go/pkg/framework@v0.7.4/asserts_wrapper/wrapper/helper.go:27
        	            				/Users/iakovalev/go/pkg/mod/github.com/ozontech/allure-go/pkg/framework@v0.7.4/asserts_wrapper/wrapper/wrapper.go:201
        	            				/Users/iakovalev/go/pkg/mod/github.com/ozontech/allure-go/pkg/framework@v0.7.4/asserts_wrapper/helper/helper.go:65
        	            				/Users/iakovalev/Desktop/temp/ppo/tests/integration/repository/auth_session_test.go:54
        	            				/Users/iakovalev/go/pkg/mod/github.com/ozontech/allure-go/pkg/framework@v0.7.4/core/common/steps.go:27
        	            				/Users/iakovalev/Desktop/temp/ppo/tests/integration/repository/auth_session_test.go:35
        	            				/usr/local/go/src/reflect/value.go:581
        	            				/usr/local/go/src/reflect/value.go:365
        	            				/Users/iakovalev/go/pkg/mod/github.com/ozontech/allure-go/pkg/framework@v0.7.4/runner/tests.go:163
        	            				/Users/iakovalev/go/pkg/mod/github.com/ozontech/allure-go/pkg/framework@v0.7.4/runner/runner.go:224
        	Error:      	Received unexpected error:
        	            	not found
        	Test:       	TestLoginLogout
=== RUN   TestSuite/OrderFlow
=== RUN   TestSuite/OrderFlow/Tests
=== RUN   TestSuite/OrderFlow/Tests/TestOrder
=== RUN   TestSuite/OrderFlow/Tests/TestOrder/order_test
    db_client.go:111: Cleanup for test order test finished in 16.031458ms
    db_client.go:156: DB preparation for test order test finished in 16.181166ms
=== RUN   TestSuite/UserFlow
=== RUN   TestSuite/UserFlow/Tests
=== RUN   TestSuite/UserFlow/Tests/TestUser
=== RUN   TestSuite/UserFlow/Tests/TestUser/order_test
    db_client.go:111: Cleanup for test order test finished in 12.7555ms
    db_client.go:156: DB preparation for test order test finished in 26.996959ms
--- FAIL: TestSuite (0.69s)
    --- PASS: TestSuite/UserFlow (0.05s)
    --- PASS: TestSuite/ItemFlow (0.25s)
    --- PASS: TestSuite/OrderFlow (0.05s)
    --- PASS: TestSuite/CartFlow (0.23s)
    --- FAIL: TestSuite/SessionCreateDelete (0.11s)
        --- PASS: TestSuite/CartFlow/Tests (0.23s)
        --- PASS: TestSuite/UserFlow/Tests (0.05s)
        --- PASS: TestSuite/ItemFlow/Tests (0.25s)
        --- PASS: TestSuite/OrderFlow/Tests (0.05s)
        --- FAIL: TestSuite/SessionCreateDelete/Tests (0.11s)
            --- FAIL: TestSuite/SessionCreateDelete/Tests/TestLoginLogout (0.11s)
            --- PASS: TestSuite/CartFlow/Tests/TestAddItemsToCart (0.23s)
            --- PASS: TestSuite/ItemFlow/Tests/TestGetCartItemsAmount (0.25s)
            --- PASS: TestSuite/OrderFlow/Tests/TestOrder (0.05s)
            --- PASS: TestSuite/UserFlow/Tests/TestUser (0.05s)
                --- PASS: TestSuite/UserFlow/Tests/TestUser/order_test (0.05s)
                --- PASS: TestSuite/ItemFlow/Tests/TestGetCartItemsAmount/test_item_repository (0.25s)
                --- PASS: TestSuite/OrderFlow/Tests/TestOrder/order_test (0.04s)
