=== RUN   TestSuite/OrderFlow
=== RUN   TestSuite/OrderFlow/Tests
=== RUN   TestSuite/OrderFlow/Tests/TestFullOrderFlow
db_client.go:111: Cleanup for test TestFullOrderFlow finished in 15.636291ms
db_client.go:156: DB preparation for test TestFullOrderFlow finished in 13.659042ms
assertions.go:387: 
    	Error Trace:	/Users/iakovalev/go/pkg/mod/github.com/ozontech/allure-go/pkg/framework@v0.7.4/asserts_wrapper/wrapper/wrapper.go:205
    	            				/Users/iakovalev/go/pkg/mod/github.com/ozontech/allure-go/pkg/framework@v0.7.4/asserts_wrapper/wrapper/helper.go:27
    	            				/Users/iakovalev/go/pkg/mod/github.com/ozontech/allure-go/pkg/framework@v0.7.4/asserts_wrapper/wrapper/wrapper.go:201
    	            				/Users/iakovalev/go/pkg/mod/github.com/ozontech/allure-go/pkg/framework@v0.7.4/asserts_wrapper/helper/helper.go:65
    	            				/Users/iakovalev/Desktop/temp/ppo/tests/integration/usecase/order_test.go:55
    	            				/Users/iakovalev/go/pkg/mod/github.com/ozontech/allure-go/pkg/framework@v0.7.4/core/common/steps.go:27
    	            				/Users/iakovalev/Desktop/temp/ppo/tests/integration/usecase/order_test.go:36
    	            				/usr/local/go/src/reflect/value.go:581
    	            				/usr/local/go/src/reflect/value.go:365
    	            				/Users/iakovalev/go/pkg/mod/github.com/ozontech/allure-go/pkg/framework@v0.7.4/runner/tests.go:163
    	            				/Users/iakovalev/go/pkg/mod/github.com/ozontech/allure-go/pkg/framework@v0.7.4/runner/runner.go:224
    	Error:      	Received unexpected error:
    	            	order usecase: failed to get cart items: not found
    	Test:       	TestFullOrderFlow
assertions.go:387: 
    	Error Trace:	/Users/iakovalev/go/pkg/mod/github.com/ozontech/allure-go/pkg/framework@v0.7.4/asserts_wrapper/wrapper/wrapper.go:612
    	            				/Users/iakovalev/go/pkg/mod/github.com/ozontech/allure-go/pkg/framework@v0.7.4/asserts_wrapper/wrapper/helper.go:27
    	            				/Users/iakovalev/go/pkg/mod/github.com/ozontech/allure-go/pkg/framework@v0.7.4/asserts_wrapper/wrapper/wrapper.go:608
    	            				/Users/iakovalev/go/pkg/mod/github.com/ozontech/allure-go/pkg/framework@v0.7.4/asserts_wrapper/helper/helper.go:174
    	            				/Users/iakovalev/Desktop/temp/ppo/tests/integration/usecase/order_test.go:56
    	            				/Users/iakovalev/go/pkg/mod/github.com/ozontech/allure-go/pkg/framework@v0.7.4/core/common/steps.go:27
    	            				/Users/iakovalev/Desktop/temp/ppo/tests/integration/usecase/order_test.go:36
    	            				/usr/local/go/src/reflect/value.go:581
    	            				/usr/local/go/src/reflect/value.go:365
    	            				/Users/iakovalev/go/pkg/mod/github.com/ozontech/allure-go/pkg/framework@v0.7.4/runner/tests.go:163
    	            				/Users/iakovalev/go/pkg/mod/github.com/ozontech/allure-go/pkg/framework@v0.7.4/runner/runner.go:224
    	Error:      	Should be true
    	Test:       	TestFullOrderFlow
assertions.go:387: 
    	Error Trace:	/Users/iakovalev/go/pkg/mod/github.com/ozontech/allure-go/pkg/framework@v0.7.4/asserts_wrapper/wrapper/wrapper.go:205
    	            				/Users/iakovalev/go/pkg/mod/github.com/ozontech/allure-go/pkg/framework@v0.7.4/asserts_wrapper/wrapper/helper.go:27
    	            				/Users/iakovalev/go/pkg/mod/github.com/ozontech/allure-go/pkg/framework@v0.7.4/asserts_wrapper/wrapper/wrapper.go:201
    	            				/Users/iakovalev/go/pkg/mod/github.com/ozontech/allure-go/pkg/framework@v0.7.4/asserts_wrapper/helper/helper.go:65
    	            				/Users/iakovalev/Desktop/temp/ppo/tests/integration/usecase/order_test.go:63
    	            				/Users/iakovalev/go/pkg/mod/github.com/ozontech/allure-go/pkg/framework@v0.7.4/core/common/steps.go:27
    	            				/Users/iakovalev/Desktop/temp/ppo/tests/integration/usecase/order_test.go:36
    	            				/usr/local/go/src/reflect/value.go:581
    	            				/usr/local/go/src/reflect/value.go:365
    	            				/Users/iakovalev/go/pkg/mod/github.com/ozontech/allure-go/pkg/framework@v0.7.4/runner/tests.go:163
    	            				/Users/iakovalev/go/pkg/mod/github.com/ozontech/allure-go/pkg/framework@v0.7.4/runner/runner.go:224
    	Error:      	Received unexpected error:
    	            	order usecase: failed to get order by ID: not found
    	Test:       	TestFullOrderFlow
assertions.go:387: 
    	Error Trace:	/Users/iakovalev/go/pkg/mod/github.com/ozontech/allure-go/pkg/framework@v0.7.4/asserts_wrapper/wrapper/wrapper.go:612
    	            				/Users/iakovalev/go/pkg/mod/github.com/ozontech/allure-go/pkg/framework@v0.7.4/asserts_wrapper/wrapper/helper.go:27
    	            				/Users/iakovalev/go/pkg/mod/github.com/ozontech/allure-go/pkg/framework@v0.7.4/asserts_wrapper/wrapper/wrapper.go:608
    	            				/Users/iakovalev/go/pkg/mod/github.com/ozontech/allure-go/pkg/framework@v0.7.4/asserts_wrapper/helper/helper.go:174
    	            				/Users/iakovalev/Desktop/temp/ppo/tests/integration/usecase/order_test.go:65
    	            				/Users/iakovalev/go/pkg/mod/github.com/ozontech/allure-go/pkg/framework@v0.7.4/core/common/steps.go:27
    	            				/Users/iakovalev/Desktop/temp/ppo/tests/integration/usecase/order_test.go:36
    	            				/usr/local/go/src/reflect/value.go:581
    	            				/usr/local/go/src/reflect/value.go:365
    	            				/Users/iakovalev/go/pkg/mod/github.com/ozontech/allure-go/pkg/framework@v0.7.4/runner/tests.go:163
    	            				/Users/iakovalev/go/pkg/mod/github.com/ozontech/allure-go/pkg/framework@v0.7.4/runner/runner.go:224
    	Error:      	Should be true
    	Test:       	TestFullOrderFlow
assertions.go:387: 
    	Error Trace:	/Users/iakovalev/go/pkg/mod/github.com/ozontech/allure-go/pkg/framework@v0.7.4/asserts_wrapper/wrapper/wrapper.go:342
    	            				/Users/iakovalev/go/pkg/mod/github.com/ozontech/allure-go/pkg/framework@v0.7.4/asserts_wrapper/wrapper/helper.go:27
    	            				/Users/iakovalev/go/pkg/mod/github.com/ozontech/allure-go/pkg/framework@v0.7.4/asserts_wrapper/wrapper/wrapper.go:338
    	            				/Users/iakovalev/go/pkg/mod/github.com/ozontech/allure-go/pkg/framework@v0.7.4/asserts_wrapper/helper/helper.go:95
    	            				/Users/iakovalev/Desktop/temp/ppo/tests/integration/usecase/order_test.go:66
    	            				/Users/iakovalev/go/pkg/mod/github.com/ozontech/allure-go/pkg/framework@v0.7.4/core/common/steps.go:27
    	            				/Users/iakovalev/Desktop/temp/ppo/tests/integration/usecase/order_test.go:36
    	            				/usr/local/go/src/reflect/value.go:581
    	            				/usr/local/go/src/reflect/value.go:365
    	            				/Users/iakovalev/go/pkg/mod/github.com/ozontech/allure-go/pkg/framework@v0.7.4/runner/tests.go:163
    	            				/Users/iakovalev/go/pkg/mod/github.com/ozontech/allure-go/pkg/framework@v0.7.4/runner/runner.go:224
    	Error:      	"[]" should have 2 item(s), but has 0
    	Test:       	TestFullOrderFlow
assertions.go:387: 
    	Error Trace:	/Users/iakovalev/go/pkg/mod/github.com/ozontech/allure-go/pkg/framework@v0.7.4/asserts_wrapper/wrapper/wrapper.go:205
    	            				/Users/iakovalev/go/pkg/mod/github.com/ozontech/allure-go/pkg/framework@v0.7.4/asserts_wrapper/wrapper/helper.go:27
    	            				/Users/iakovalev/go/pkg/mod/github.com/ozontech/allure-go/pkg/framework@v0.7.4/asserts_wrapper/wrapper/wrapper.go:201
    	            				/Users/iakovalev/go/pkg/mod/github.com/ozontech/allure-go/pkg/framework@v0.7.4/asserts_wrapper/helper/helper.go:65
    	            				/Users/iakovalev/Desktop/temp/ppo/tests/integration/usecase/order_test.go:69
    	            				/Users/iakovalev/go/pkg/mod/github.com/ozontech/allure-go/pkg/framework@v0.7.4/core/common/steps.go:27
    	            				/Users/iakovalev/Desktop/temp/ppo/tests/integration/usecase/order_test.go:36
    	            				/usr/local/go/src/reflect/value.go:581
    	            				/usr/local/go/src/reflect/value.go:365
    	            				/Users/iakovalev/go/pkg/mod/github.com/ozontech/allure-go/pkg/framework@v0.7.4/runner/tests.go:163
    	            				/Users/iakovalev/go/pkg/mod/github.com/ozontech/allure-go/pkg/framework@v0.7.4/runner/runner.go:224
    	Error:      	Received unexpected error:
    	            	order usecase: failed to get all user orders: not found
    	Test:       	TestFullOrderFlow
assertions.go:387: 
    	Error Trace:	/Users/iakovalev/go/pkg/mod/github.com/ozontech/allure-go/pkg/framework@v0.7.4/asserts_wrapper/wrapper/wrapper.go:612
    	            				/Users/iakovalev/go/pkg/mod/github.com/ozontech/allure-go/pkg/framework@v0.7.4/asserts_wrapper/wrapper/helper.go:27
    	            				/Users/iakovalev/go/pkg/mod/github.com/ozontech/allure-go/pkg/framework@v0.7.4/asserts_wrapper/wrapper/wrapper.go:608
    	            				/Users/iakovalev/go/pkg/mod/github.com/ozontech/allure-go/pkg/framework@v0.7.4/asserts_wrapper/helper/helper.go:174
    	            				/Users/iakovalev/Desktop/temp/ppo/tests/integration/usecase/order_test.go:77
    	            				/Users/iakovalev/go/pkg/mod/github.com/ozontech/allure-go/pkg/framework@v0.7.4/core/common/steps.go:27
    	            				/Users/iakovalev/Desktop/temp/ppo/tests/integration/usecase/order_test.go:36
    	            				/usr/local/go/src/reflect/value.go:581
    	            				/usr/local/go/src/reflect/value.go:365
    	            				/Users/iakovalev/go/pkg/mod/github.com/ozontech/allure-go/pkg/framework@v0.7.4/runner/tests.go:163
    	            				/Users/iakovalev/go/pkg/mod/github.com/ozontech/allure-go/pkg/framework@v0.7.4/runner/runner.go:224
    	Error:      	Should be true
    	Test:       	TestFullOrderFlow
assertions.go:387: 
    	Error Trace:	/Users/iakovalev/go/pkg/mod/github.com/ozontech/allure-go/pkg/framework@v0.7.4/asserts_wrapper/wrapper/wrapper.go:205
    	            				/Users/iakovalev/go/pkg/mod/github.com/ozontech/allure-go/pkg/framework@v0.7.4/asserts_wrapper/wrapper/helper.go:27
    	            				/Users/iakovalev/go/pkg/mod/github.com/ozontech/allure-go/pkg/framework@v0.7.4/asserts_wrapper/wrapper/wrapper.go:201
    	            				/Users/iakovalev/go/pkg/mod/github.com/ozontech/allure-go/pkg/framework@v0.7.4/asserts_wrapper/helper/helper.go:65
    	            				/Users/iakovalev/Desktop/temp/ppo/tests/integration/usecase/order_test.go:81
    	            				/Users/iakovalev/go/pkg/mod/github.com/ozontech/allure-go/pkg/framework@v0.7.4/core/common/steps.go:27
    	            				/Users/iakovalev/Desktop/temp/ppo/tests/integration/usecase/order_test.go:36
    	            				/usr/local/go/src/reflect/value.go:581
    	            				/usr/local/go/src/reflect/value.go:365
    	            				/Users/iakovalev/go/pkg/mod/github.com/ozontech/allure-go/pkg/framework@v0.7.4/runner/tests.go:163
    	            				/Users/iakovalev/go/pkg/mod/github.com/ozontech/allure-go/pkg/framework@v0.7.4/runner/runner.go:224
    	Error:      	Received unexpected error:
    	            	order usecase: failed to get order by ID: not found
    	Test:       	TestFullOrderFlow
assertions.go:387: 
    	Error Trace:	/Users/iakovalev/go/pkg/mod/github.com/ozontech/allure-go/pkg/framework@v0.7.4/asserts_wrapper/wrapper/wrapper.go:205
    	            				/Users/iakovalev/go/pkg/mod/github.com/ozontech/allure-go/pkg/framework@v0.7.4/asserts_wrapper/wrapper/helper.go:27
    	            				/Users/iakovalev/go/pkg/mod/github.com/ozontech/allure-go/pkg/framework@v0.7.4/asserts_wrapper/wrapper/wrapper.go:201
    	            				/Users/iakovalev/go/pkg/mod/github.com/ozontech/allure-go/pkg/framework@v0.7.4/asserts_wrapper/helper/helper.go:65
    	            				/Users/iakovalev/Desktop/temp/ppo/tests/integration/usecase/order_test.go:84
    	            				/Users/iakovalev/go/pkg/mod/github.com/ozontech/allure-go/pkg/framework@v0.7.4/core/common/steps.go:27
    	            				/Users/iakovalev/Desktop/temp/ppo/tests/integration/usecase/order_test.go:36
    	            				/usr/local/go/src/reflect/value.go:581
    	            				/usr/local/go/src/reflect/value.go:365
    	            				/Users/iakovalev/go/pkg/mod/github.com/ozontech/allure-go/pkg/framework@v0.7.4/runner/tests.go:163
    	            				/Users/iakovalev/go/pkg/mod/github.com/ozontech/allure-go/pkg/framework@v0.7.4/runner/runner.go:224
    	Error:      	Received unexpected error:
    	            	order usecase: failed to get order by ID: not found
    	Test:       	TestFullOrderFlow
assertions.go:387: 
    	Error Trace:	/Users/iakovalev/go/pkg/mod/github.com/ozontech/allure-go/pkg/framework@v0.7.4/asserts_wrapper/wrapper/wrapper.go:121
    	            				/Users/iakovalev/go/pkg/mod/github.com/ozontech/allure-go/pkg/framework@v0.7.4/asserts_wrapper/wrapper/helper.go:27
    	            				/Users/iakovalev/go/pkg/mod/github.com/ozontech/allure-go/pkg/framework@v0.7.4/asserts_wrapper/wrapper/wrapper.go:117
    	            				/Users/iakovalev/go/pkg/mod/github.com/ozontech/allure-go/pkg/framework@v0.7.4/asserts_wrapper/helper/helper.go:40
    	            				/Users/iakovalev/Desktop/temp/ppo/tests/integration/usecase/order_test.go:85
    	            				/Users/iakovalev/go/pkg/mod/github.com/ozontech/allure-go/pkg/framework@v0.7.4/core/common/steps.go:27
    	            				/Users/iakovalev/Desktop/temp/ppo/tests/integration/usecase/order_test.go:36
    	            				/usr/local/go/src/reflect/value.go:581
    	            				/usr/local/go/src/reflect/value.go:365
    	            				/Users/iakovalev/go/pkg/mod/github.com/ozontech/allure-go/pkg/framework@v0.7.4/runner/tests.go:163
    	            				/Users/iakovalev/go/pkg/mod/github.com/ozontech/allure-go/pkg/framework@v0.7.4/runner/runner.go:224
    	Error:      	Not equal: 
    	            	expected: "created"
    	            	actual  : ""
    	            	
    	            	Diff:
    	            	--- Expected
    	            	+++ Actual
    	            	@@ -1 +1 @@
    	            	-created
    	            	+
    	Test:       	TestFullOrderFlow
assertions.go:387: 
    	Error Trace:	/Users/iakovalev/go/pkg/mod/github.com/ozontech/allure-go/pkg/framework@v0.7.4/asserts_wrapper/wrapper/wrapper.go:205
    	            				/Users/iakovalev/go/pkg/mod/github.com/ozontech/allure-go/pkg/framework@v0.7.4/asserts_wrapper/wrapper/helper.go:27
    	            				/Users/iakovalev/go/pkg/mod/github.com/ozontech/allure-go/pkg/framework@v0.7.4/asserts_wrapper/wrapper/wrapper.go:201
    	            				/Users/iakovalev/go/pkg/mod/github.com/ozontech/allure-go/pkg/framework@v0.7.4/asserts_wrapper/helper/helper.go:65
    	            				/Users/iakovalev/Desktop/temp/ppo/tests/integration/usecase/order_test.go:88
    	            				/Users/iakovalev/go/pkg/mod/github.com/ozontech/allure-go/pkg/framework@v0.7.4/core/common/steps.go:27
    	            				/Users/iakovalev/Desktop/temp/ppo/tests/integration/usecase/order_test.go:36
    	            				/usr/local/go/src/reflect/value.go:581
    	            				/usr/local/go/src/reflect/value.go:365
    	            				/Users/iakovalev/go/pkg/mod/github.com/ozontech/allure-go/pkg/framework@v0.7.4/runner/tests.go:163
    	            				/Users/iakovalev/go/pkg/mod/github.com/ozontech/allure-go/pkg/framework@v0.7.4/runner/runner.go:224
    	Error:      	Received unexpected error:
    	            	order usecase: failed to get order by ID: not found
    	Test:       	TestFullOrderFlow
assertions.go:387: 
    	Error Trace:	/Users/iakovalev/go/pkg/mod/github.com/ozontech/allure-go/pkg/framework@v0.7.4/asserts_wrapper/wrapper/wrapper.go:205
    	            				/Users/iakovalev/go/pkg/mod/github.com/ozontech/allure-go/pkg/framework@v0.7.4/asserts_wrapper/wrapper/helper.go:27
    	            				/Users/iakovalev/go/pkg/mod/github.com/ozontech/allure-go/pkg/framework@v0.7.4/asserts_wrapper/wrapper/wrapper.go:201
    	            				/Users/iakovalev/go/pkg/mod/github.com/ozontech/allure-go/pkg/framework@v0.7.4/asserts_wrapper/helper/helper.go:65
    	            				/Users/iakovalev/Desktop/temp/ppo/tests/integration/usecase/order_test.go:91
    	            				/Users/iakovalev/go/pkg/mod/github.com/ozontech/allure-go/pkg/framework@v0.7.4/core/common/steps.go:27
    	            				/Users/iakovalev/Desktop/temp/ppo/tests/integration/usecase/order_test.go:36
    	            				/usr/local/go/src/reflect/value.go:581
    	            				/usr/local/go/src/reflect/value.go:365
    	            				/Users/iakovalev/go/pkg/mod/github.com/ozontech/allure-go/pkg/framework@v0.7.4/runner/tests.go:163
    	            				/Users/iakovalev/go/pkg/mod/github.com/ozontech/allure-go/pkg/framework@v0.7.4/runner/runner.go:224
    	Error:      	Received unexpected error:
    	            	order usecase: failed to get order by ID: not found
    	Test:       	TestFullOrderFlow
assertions.go:387: 
    	Error Trace:	/Users/iakovalev/go/pkg/mod/github.com/ozontech/allure-go/pkg/framework@v0.7.4/asserts_wrapper/wrapper/wrapper.go:121
    	            				/Users/iakovalev/go/pkg/mod/github.com/ozontech/allure-go/pkg/framework@v0.7.4/asserts_wrapper/wrapper/helper.go:27
    	            				/Users/iakovalev/go/pkg/mod/github.com/ozontech/allure-go/pkg/framework@v0.7.4/asserts_wrapper/wrapper/wrapper.go:117
    	            				/Users/iakovalev/go/pkg/mod/github.com/ozontech/allure-go/pkg/framework@v0.7.4/asserts_wrapper/helper/helper.go:40
    	            				/Users/iakovalev/Desktop/temp/ppo/tests/integration/usecase/order_test.go:92
    	            				/Users/iakovalev/go/pkg/mod/github.com/ozontech/allure-go/pkg/framework@v0.7.4/core/common/steps.go:27
    	            				/Users/iakovalev/Desktop/temp/ppo/tests/integration/usecase/order_test.go:36
    	            				/usr/local/go/src/reflect/value.go:581
    	            				/usr/local/go/src/reflect/value.go:365
    	            				/Users/iakovalev/go/pkg/mod/github.com/ozontech/allure-go/pkg/framework@v0.7.4/runner/tests.go:163
    	            				/Users/iakovalev/go/pkg/mod/github.com/ozontech/allure-go/pkg/framework@v0.7.4/runner/runner.go:224
    	Error:      	Not equal: 
    	            	expected: "cancelled"
    	            	actual  : ""
    	            	
    	            	Diff:
    	            	--- Expected
    	            	+++ Actual
    	            	@@ -1 +1 @@
    	            	-cancelled
    	            	+
    	Test:       	TestFullOrderFlow
--- FAIL: TestSuite/OrderFlow (0.06s)
    --- FAIL: TestSuite/OrderFlow/Tests (0.06s)
        --- FAIL: TestSuite/OrderFlow/Tests/TestFullOrderFlow (0.06s)
